# JRE version: 7.0_21-b11
# Java VM: Java HotSpot(TM) 64-Bit Server VM (23.21-b01 mixed mode windows-amd64 compressed oops)
Heap
 par new generation   total 157248K, used 109146K [0x00000000dae00000, 0x00000000e58a0000, 0x00000000e58a0000)
  eden space 139776K,  67% used [0x00000000dae00000, 0x00000000e0a29af0, 0x00000000e3680000)
  from space 17472K,  84% used [0x00000000e4790000, 0x00000000e55fcfe0, 0x00000000e58a0000)
  to   space 17472K,   0% used [0x00000000e3680000, 0x00000000e3680000, 0x00000000e4790000)
 concurrent mark-sweep generation total 349568K, used 51107K [0x00000000e58a0000, 0x00000000fae00000, 0x00000000fae00000)
 concurrent-mark-sweep perm gen total 70092K, used 44183K [0x00000000fae00000, 0x00000000ff273000, 0x0000000100000000)
GC Heap History (10 events):
Event: 13.333 GC heap before
{Heap before GC invocations=4 (full 2):
 par new generation   total 157248K, used 157247K [0x00000000dae00000, 0x00000000e58a0000, 0x00000000e58a0000)
  eden space 139776K, 100% used [0x00000000dae00000, 0x00000000e3680000, 0x00000000e3680000)
  from space 17472K,  99% used [0x00000000e3680000, 0x00000000e478fff8, 0x00000000e4790000)
  to   space 17472K,   0% used [0x00000000e4790000, 0x00000000e4790000, 0x00000000e58a0000)
 concurrent mark-sweep generation total 349568K, used 45037K [0x00000000e58a0000, 0x00000000fae00000, 0x00000000fae00000)
 concurrent-mark-sweep perm gen total 49640K, used 33695K [0x00000000fae00000, 0x00000000fde7a000, 0x0000000100000000)
Event: 13.369 GC heap after
Heap after GC invocations=5 (full 2):
 par new generation   total 157248K, used 17472K [0x00000000dae00000, 0x00000000e58a0000, 0x00000000e58a0000)
  eden space 139776K,   0% used [0x00000000dae00000, 0x00000000dae00000, 0x00000000e3680000)
  from space 17472K, 100% used [0x00000000e4790000, 0x00000000e58a0000, 0x00000000e58a0000)
  to   space 17472K,   0% used [0x00000000e3680000, 0x00000000e3680000, 0x00000000e4790000)
 concurrent mark-sweep generation total 349568K, used 64645K [0x00000000e58a0000, 0x00000000fae00000, 0x00000000fae00000)
 concurrent-mark-sweep perm gen total 49640K, used 33695K [0x00000000fae00000, 0x00000000fde7a000, 0x0000000100000000)
}
Event: 15.153 GC heap before
{Heap before GC invocations=5 (full 2):
 par new generation   total 157248K, used 152896K [0x00000000dae00000, 0x00000000e58a0000, 0x00000000e58a0000)
  eden space 139776K,  96% used [0x00000000dae00000, 0x00000000e3240058, 0x00000000e3680000)
  from space 17472K, 100% used [0x00000000e4790000, 0x00000000e58a0000, 0x00000000e58a0000)
  to   space 17472K,   0% used [0x00000000e3680000, 0x00000000e3680000, 0x00000000e4790000)
 concurrent mark-sweep generation total 349568K, used 62269K [0x00000000e58a0000, 0x00000000fae00000, 0x00000000fae00000)
 concurrent-mark-sweep perm gen total 59468K, used 38254K [0x00000000fae00000, 0x00000000fe813000, 0x0000000100000000)
Event: 15.169 GC heap after
Heap after GC invocations=6 (full 2):
 par new generation   total 157248K, used 11911K [0x00000000dae00000, 0x00000000e58a0000, 0x00000000e58a0000)
  eden space 139776K,   0% used [0x00000000dae00000, 0x00000000dae00000, 0x00000000e3680000)
  from space 17472K,  68% used [0x00000000e3680000, 0x00000000e4221ce8, 0x00000000e4790000)
  to   space 17472K,   0% used [0x00000000e4790000, 0x00000000e4790000, 0x00000000e58a0000)
 concurrent mark-sweep generation total 349568K, used 67333K [0x00000000e58a0000, 0x00000000fae00000, 0x00000000fae00000)
 concurrent-mark-sweep perm gen total 59468K, used 38254K [0x00000000fae00000, 0x00000000fe813000, 0x0000000100000000)
}
Event: 17.284 GC heap before
{Heap before GC invocations=6 (full 3):
 par new generation   total 157248K, used 151687K [0x00000000dae00000, 0x00000000e58a0000, 0x00000000e58a0000)
  eden space 139776K, 100% used [0x00000000dae00000, 0x00000000e3680000, 0x00000000e3680000)
  from space 17472K,  68% used [0x00000000e3680000, 0x00000000e4221ce8, 0x00000000e4790000)
  to   space 17472K,   0% used [0x00000000e4790000, 0x00000000e4790000, 0x00000000e58a0000)
 concurrent mark-sweep generation total 349568K, used 67333K [0x00000000e58a0000, 0x00000000fae00000, 0x00000000fae00000)
 concurrent-mark-sweep perm gen total 59468K, used 39652K [0x00000000fae00000, 0x00000000fe813000, 0x0000000100000000)
Event: 17.300 GC heap after
Heap after GC invocations=7 (full 3):
 par new generation   total 157248K, used 9717K [0x00000000dae00000, 0x00000000e58a0000, 0x00000000e58a0000)
  eden space 139776K,   0% used [0x00000000dae00000, 0x00000000dae00000, 0x00000000e3680000)
  from space 17472K,  55% used [0x00000000e4790000, 0x00000000e510d440, 0x00000000e58a0000)
  to   space 17472K,   0% used [0x00000000e3680000, 0x00000000e3680000, 0x00000000e4790000)
 concurrent mark-sweep generation total 349568K, used 72818K [0x00000000e58a0000, 0x00000000fae00000, 0x00000000fae00000)
 concurrent-mark-sweep perm gen total 59468K, used 39652K [0x00000000fae00000, 0x00000000fe813000, 0x0000000100000000)
}
Event: 18.637 GC heap before
{Heap before GC invocations=7 (full 3):
 par new generation   total 157248K, used 149493K [0x00000000dae00000, 0x00000000e58a0000, 0x00000000e58a0000)
  eden space 139776K, 100% used [0x00000000dae00000, 0x00000000e3680000, 0x00000000e3680000)
  from space 17472K,  55% used [0x00000000e4790000, 0x00000000e510d440, 0x00000000e58a0000)
  to   space 17472K,   0% used [0x00000000e3680000, 0x00000000e3680000, 0x00000000e4790000)
 concurrent mark-sweep generation total 349568K, used 72818K [0x00000000e58a0000, 0x00000000fae00000, 0x00000000fae00000)
 concurrent-mark-sweep perm gen total 59468K, used 42037K [0x00000000fae00000, 0x00000000fe813000, 0x0000000100000000)
Event: 18.646 GC heap after
Heap after GC invocations=8 (full 3):
 par new generation   total 157248K, used 16983K [0x00000000dae00000, 0x00000000e58a0000, 0x00000000e58a0000)
  eden space 139776K,   0% used [0x00000000dae00000, 0x00000000dae00000, 0x00000000e3680000)
  from space 17472K,  97% used [0x00000000e3680000, 0x00000000e4715d90, 0x00000000e4790000)
  to   space 17472K,   0% used [0x00000000e4790000, 0x00000000e4790000, 0x00000000e58a0000)
 concurrent mark-sweep generation total 349568K, used 72818K [0x00000000e58a0000, 0x00000000fae00000, 0x00000000fae00000)
 concurrent-mark-sweep perm gen total 59468K, used 42037K [0x00000000fae00000, 0x00000000fe813000, 0x0000000100000000)
}
Event: 20.296 GC heap before
{Heap before GC invocations=8 (full 3):
 par new generation   total 157248K, used 151010K [0x00000000dae00000, 0x00000000e58a0000, 0x00000000e58a0000)
  eden space 139776K,  95% used [0x00000000dae00000, 0x00000000e30e2c60, 0x00000000e3680000)
  from space 17472K,  97% used [0x00000000e3680000, 0x00000000e4715d90, 0x00000000e4790000)
  to   space 17472K,   0% used [0x00000000e4790000, 0x00000000e4790000, 0x00000000e58a0000)
 concurrent mark-sweep generation total 349568K, used 48634K [0x00000000e58a0000, 0x00000000fae00000, 0x00000000fae00000)
 concurrent-mark-sweep perm gen total 70092K, used 43429K [0x00000000fae00000, 0x00000000ff273000, 0x0000000100000000)
Event: 20.306 GC heap after
Heap after GC invocations=9 (full 3):
 par new generation   total 157248K, used 14771K [0x00000000dae00000, 0x00000000e58a0000, 0x00000000e58a0000)
  eden space 139776K,   0% used [0x00000000dae00000, 0x00000000dae00000, 0x00000000e3680000)
  from space 17472K,  84% used [0x00000000e4790000, 0x00000000e55fcfe0, 0x00000000e58a0000)
  to   space 17472K,   0% used [0x00000000e3680000, 0x00000000e3680000, 0x00000000e4790000)
 concurrent mark-sweep generation total 349568K, used 51107K [0x00000000e58a0000, 0x00000000fae00000, 0x00000000fae00000)
 concurrent-mark-sweep perm gen total 70092K, used 43429K [0x00000000fae00000, 0x00000000ff273000, 0x0000000100000000)
}

